Build started 5/10/2015 11:41:42 PM.
     1>Project "C:\Users\mmazzanti\Google Drive\Programming\Asteroids\Asteroids\Asteroids.vcxproj" on node 2 (Build target(s)).
     1>ClCompile:
         C:\Program Files (x86)\Microsoft Visual Studio 12.0\VC\bin\CL.exe /c /ZI /nologo /W3 /WX- /sdl /Od /Oy- /D _MBCS /Gm /EHsc /RTC1 /MDd /GS /fp:precise /Zc:wchar_t /Zc:forScope /Fo"Debug\\" /Fd"Debug\vc120.pdb" /Gd /TP /analyze- /errorReport:prompt Dot.cpp Main.cpp Texture.cpp Timer.cpp Vector2D.cpp
         Vector2D.cpp
     1>c:\users\mmazzanti\google drive\programming\asteroids\asteroids\vector2d.cpp(60): warning C4305: '-=' : truncation from 'double' to 'float'
     1>c:\users\mmazzanti\google drive\programming\asteroids\asteroids\vector2d.cpp(64): warning C4305: '+=' : truncation from 'double' to 'float'
         Timer.cpp
         Texture.cpp
         Main.cpp
     1>c:\users\mmazzanti\google drive\programming\asteroids\asteroids\dot.h(56): warning C4305: 'initializing' : truncation from 'double' to 'float'
         Dot.cpp
     1>c:\users\mmazzanti\google drive\programming\asteroids\asteroids\dot.h(56): warning C4305: 'initializing' : truncation from 'double' to 'float'
     1>c:\users\mmazzanti\google drive\programming\asteroids\asteroids\dot.cpp(62): warning C4244: 'argument' : conversion from 'int' to 'float', possible loss of data
     1>c:\users\mmazzanti\google drive\programming\asteroids\asteroids\dot.cpp(98): warning C4244: 'argument' : conversion from 'double' to 'float', possible loss of data
     1>c:\users\mmazzanti\google drive\programming\asteroids\asteroids\dot.cpp(138): warning C4244: 'argument' : conversion from 'int' to 'float', possible loss of data
     1>c:\users\mmazzanti\google drive\programming\asteroids\asteroids\dot.cpp(162): warning C4244: '=' : conversion from 'int' to 'float', possible loss of data
     1>c:\users\mmazzanti\google drive\programming\asteroids\asteroids\dot.cpp(177): warning C4244: '=' : conversion from 'int' to 'float', possible loss of data
     1>c:\users\mmazzanti\google drive\programming\asteroids\asteroids\dot.cpp(188): warning C4244: 'initializing' : conversion from 'double' to 'float', possible loss of data
     1>c:\users\mmazzanti\google drive\programming\asteroids\asteroids\dot.cpp(189): warning C4244: 'initializing' : conversion from 'double' to 'float', possible loss of data
         Generating Code...
       Link:
         C:\Program Files (x86)\Microsoft Visual Studio 12.0\VC\bin\link.exe /ERRORREPORT:PROMPT /OUT:"C:\Users\mmazzanti\Google Drive\Programming\Asteroids\Debug\Asteroids.exe" /INCREMENTAL /NOLOGO SDL2.lib SDL2_image.lib SDL2main.lib SDL2_ttf.lib SDL2_mixer.lib kernel32.lib user32.lib gdi32.lib winspool.lib comdlg32.lib advapi32.lib shell32.lib ole32.lib oleaut32.lib uuid.lib odbc32.lib odbccp32.lib /MANIFEST /MANIFESTUAC:"level='asInvoker' uiAccess='false'" /manifest:embed /DEBUG /PDB:"C:\Users\mmazzanti\Google Drive\Programming\Asteroids\Debug\Asteroids.pdb" /SUBSYSTEM:CONSOLE /TLBID:1 /DYNAMICBASE /NXCOMPAT /IMPLIB:"C:\Users\mmazzanti\Google Drive\Programming\Asteroids\Debug\Asteroids.lib" /MACHINE:X86 Debug\Dot.obj
         Debug\Main.obj
         Debug\Texture.obj
         Debug\Timer.obj
         Debug\Vector2D.obj
     1>MSVCRTD.lib(cinitexe.obj) : warning LNK4098: defaultlib 'msvcrt.lib' conflicts with use of other libs; use /NODEFAULTLIB:library
         Asteroids.vcxproj -> C:\Users\mmazzanti\Google Drive\Programming\Asteroids\Debug\Asteroids.exe
     1>Done Building Project "C:\Users\mmazzanti\Google Drive\Programming\Asteroids\Asteroids\Asteroids.vcxproj" (Build target(s)).

Build succeeded.

Time Elapsed 00:00:03.61
